2024-06-16T11:59:30.952+05:30  INFO 14344 --- [main] com.tuskers.backend.BackendApplication   : Starting BackendApplication using Java 17.0.11 with PID 14344 (D:\Projects\Tuskers Database Web Application\backend\target\classes started by MSI 1 in D:\Projects\Tuskers Database Web Application\backend)
2024-06-16T11:59:30.955+05:30  INFO 14344 --- [main] com.tuskers.backend.BackendApplication   : No active profile set, falling back to 1 default profile: "default"
2024-06-16T11:59:32.291+05:30  INFO 14344 --- [main] .s.d.r.c.RepositoryConfigurationDelegate : Bootstrapping Spring Data JPA repositories in DEFAULT mode.
2024-06-16T11:59:32.384+05:30  INFO 14344 --- [main] .s.d.r.c.RepositoryConfigurationDelegate : Finished Spring Data repository scanning in 80 ms. Found 2 JPA repository interfaces.
2024-06-16T11:59:33.316+05:30  INFO 14344 --- [main] o.s.b.w.embedded.tomcat.TomcatWebServer  : Tomcat initialized with port 8080 (http)
2024-06-16T11:59:33.322+05:30  INFO 14344 --- [main] o.apache.catalina.core.StandardService   : Starting service [Tomcat]
2024-06-16T11:59:33.336+05:30  INFO 14344 --- [main] o.apache.catalina.core.StandardEngine    : Starting Servlet engine: [Apache Tomcat/10.1.24]
2024-06-16T11:59:33.443+05:30  INFO 14344 --- [main] o.a.c.c.C.[Tomcat].[localhost].[/]       : Initializing Spring embedded WebApplicationContext
2024-06-16T11:59:33.443+05:30  INFO 14344 --- [main] w.s.c.ServletWebServerApplicationContext : Root WebApplicationContext: initialization completed in 2413 ms
2024-06-16T11:59:33.604+05:30  INFO 14344 --- [main] o.hibernate.jpa.internal.util.LogHelper  : HHH000204: Processing PersistenceUnitInfo [name: default]
2024-06-16T11:59:33.708+05:30  INFO 14344 --- [main] org.hibernate.Version                    : HHH000412: Hibernate ORM core version 6.5.2.Final
2024-06-16T11:59:33.769+05:30  INFO 14344 --- [main] o.h.c.internal.RegionFactoryInitiator    : HHH000026: Second-level cache disabled
2024-06-16T11:59:34.190+05:30  INFO 14344 --- [main] o.s.o.j.p.SpringPersistenceUnitInfo      : No LoadTimeWeaver setup: ignoring JPA class transformer
2024-06-16T11:59:34.219+05:30  INFO 14344 --- [main] com.zaxxer.hikari.HikariDataSource       : HikariPool-1 - Starting...
2024-06-16T11:59:34.497+05:30  INFO 14344 --- [main] com.zaxxer.hikari.pool.HikariPool        : HikariPool-1 - Added connection org.postgresql.jdbc.PgConnection@baa227e
2024-06-16T11:59:34.504+05:30  INFO 14344 --- [main] com.zaxxer.hikari.HikariDataSource       : HikariPool-1 - Start completed.
2024-06-16T11:59:35.923+05:30  INFO 14344 --- [main] o.h.e.t.j.p.i.JtaPlatformInitiator       : HHH000489: No JTA platform available (set 'hibernate.transaction.jta.platform' to enable JTA platform integration)
2024-06-16T11:59:35.998+05:30  INFO 14344 --- [main] j.LocalContainerEntityManagerFactoryBean : Initialized JPA EntityManagerFactory for persistence unit 'default'
2024-06-16T11:59:36.424+05:30  INFO 14344 --- [main] eAuthenticationProviderManagerConfigurer : Global AuthenticationManager configured with AuthenticationProvider bean with name authenticationProvider
2024-06-16T11:59:36.425+05:30  WARN 14344 --- [main] r$InitializeUserDetailsManagerConfigurer : Global AuthenticationManager configured with an AuthenticationProvider bean. UserDetailsService beans will not be used for username/password login. Consider removing the AuthenticationProvider bean. Alternatively, consider using the UserDetailsService in a manually instantiated DaoAuthenticationProvider.
2024-06-16T11:59:36.457+05:30  INFO 14344 --- [main] o.s.d.j.r.query.QueryEnhancerFactory     : Hibernate is in classpath; If applicable, HQL parser will be used.
2024-06-16T11:59:36.519+05:30  WARN 14344 --- [main] JpaBaseConfiguration$JpaWebConfiguration : spring.jpa.open-in-view is enabled by default. Therefore, database queries may be performed during view rendering. Explicitly configure spring.jpa.open-in-view to disable this warning
2024-06-16T11:59:36.783+05:30  INFO 14344 --- [main] o.s.s.web.DefaultSecurityFilterChain     : Will secure any request with [org.springframework.security.web.session.DisableEncodeUrlFilter@21457b14, org.springframework.security.web.context.request.async.WebAsyncManagerIntegrationFilter@7e484bd, org.springframework.security.web.context.SecurityContextHolderFilter@687d31a9, org.springframework.security.web.header.HeaderWriterFilter@73158d35, org.springframework.web.filter.CorsFilter@7e1ae693, org.springframework.security.web.authentication.logout.LogoutFilter@6ab6ec33, com.tuskers.backend.jwt.configuration.JwtAuthenticationFilter@d7c4fcb, org.springframework.security.web.savedrequest.RequestCacheAwareFilter@4cc28ad0, org.springframework.security.web.servletapi.SecurityContextHolderAwareRequestFilter@3f7bf0f6, org.springframework.security.web.authentication.AnonymousAuthenticationFilter@3e0600a4, org.springframework.security.web.session.SessionManagementFilter@2f3565c0, org.springframework.security.web.access.ExceptionTranslationFilter@b867869, org.springframework.security.web.access.intercept.AuthorizationFilter@26a004ed]
2024-06-16T11:59:37.007+05:30  INFO 14344 --- [main] o.s.b.w.embedded.tomcat.TomcatWebServer  : Tomcat started on port 8080 (http) with context path '/'
2024-06-16T11:59:37.013+05:30  INFO 14344 --- [main] com.tuskers.backend.BackendApplication   : Started BackendApplication in 6.818 seconds (process running for 7.476)
2024-06-16T12:00:23.780+05:30  INFO 14344 --- [http-nio-8080-exec-1] o.a.c.c.C.[Tomcat].[localhost].[/]       : Initializing Spring DispatcherServlet 'dispatcherServlet'
2024-06-16T12:00:23.783+05:30  INFO 14344 --- [http-nio-8080-exec-1] o.s.web.servlet.DispatcherServlet        : Initializing Servlet 'dispatcherServlet'
2024-06-16T12:00:23.784+05:30  INFO 14344 --- [http-nio-8080-exec-1] o.s.web.servlet.DispatcherServlet        : Completed initialization in 1 ms
2024-06-16T12:00:24.226+05:30  INFO 14344 --- [http-nio-8080-exec-1] c.t.b.jwt.service.AuthenticationService  : User created with id:5
2024-06-16T12:00:24.226+05:30  INFO 14344 --- [http-nio-8080-exec-1] c.t.backend.jwt.service.JwtService       : generating token
2024-06-16T12:00:24.275+05:30  INFO 14344 --- [http-nio-8080-exec-1] c.t.b.jwt.service.AuthenticationService  : Token generated toke:eyJhbGciOiJIUzI1NiJ9.eyJzdWIiOiJha2Fyc2h0a25AZ21haWwuY29tIiwiaWF0IjoxNzE4NTE5NDI0LCJleHAiOjE3MTg1MjY2MjR9.FxliQpbHDFCJBpkk8l1Mb0CnIxMYHLVBJQVkXvnX6oA
2024-06-16T12:00:24.276+05:30  INFO 14344 --- [http-nio-8080-exec-1] c.t.b.jwt.service.AuthenticationService  : creating email object
2024-06-16T12:00:24.277+05:30  INFO 14344 --- [http-nio-8080-exec-1] c.t.b.jwt.service.AuthenticationService  : email object created
2024-06-16T12:00:30.696+05:30  INFO 14344 --- [http-nio-8080-exec-1] c.t.b.e.s.serviceImpl.EmailServiceImpl   : Email send successfully to :akarshtkn@gmail.com
2024-06-16T12:00:59.833+05:30  INFO 14344 --- [SpringApplicationShutdownHook] j.LocalContainerEntityManagerFactoryBean : Closing JPA EntityManagerFactory for persistence unit 'default'
2024-06-16T12:00:59.833+05:30  INFO 14344 --- [SpringApplicationShutdownHook] com.zaxxer.hikari.HikariDataSource       : HikariPool-1 - Shutdown initiated...
2024-06-16T12:00:59.844+05:30  INFO 14344 --- [SpringApplicationShutdownHook] com.zaxxer.hikari.HikariDataSource       : HikariPool-1 - Shutdown completed.
